‚Üí Entering: 0x5ec6a50bd550 (called from 0x751aa562a1ca)
‚Üí Entering: 0x5ec6a50b7973 (called from 0x5ec6a50bd59f)
‚Üí Entering: 0x5ec6a50bc0fc (called from 0x5ec6a50b79aa)
‚Üí Entering: 0x5ec6a50bcbb6 (called from 0x5ec6a50bc169)
‚Üí Entering: 0x5ec6a50bca9c (called from 0x5ec6a50bcc15)
‚Üê Exiting: 0x5ec6a50bca9c
‚Üí Entering: 0x5ec6a50bc915 (called from 0x5ec6a50bcc36)
‚Üê Exiting: 0x5ec6a50bc915
‚Üí Entering: 0x5ec6a50bc9a5 (called from 0x5ec6a50bcc76)
‚Üê Exiting: 0x5ec6a50bc9a5
‚Üê Exiting: 0x5ec6a50bcbb6
‚Üí Entering: 0x5ec6a50bcbb6 (called from 0x5ec6a50bc169)
‚Üí Entering: 0x5ec6a50bca9c (called from 0x5ec6a50bcc15)
‚Üê Exiting: 0x5ec6a50bca9c
‚Üí Entering: 0x5ec6a50bc915 (called from 0x5ec6a50bcc36)
‚Üê Exiting: 0x5ec6a50bc915
‚Üí Entering: 0x5ec6a50bc9a5 (called from 0x5ec6a50bcc76)
‚Üê Exiting: 0x5ec6a50bc9a5
‚Üê Exiting: 0x5ec6a50bcbb6
‚Üí Entering: 0x5ec6a50bcbb6 (called from 0x5ec6a50bc169)
‚Üí Entering: 0x5ec6a50bca9c (called from 0x5ec6a50bcc15)
‚Üê Exiting: 0x5ec6a50bca9c
‚Üí Entering: 0x5ec6a50bc915 (called from 0x5ec6a50bcc36)
‚Üê Exiting: 0x5ec6a50bc915
‚Üí Entering: 0x5ec6a50bc9a5 (called from 0x5ec6a50bcc76)
‚Üê Exiting: 0x5ec6a50bc9a5
‚Üê Exiting: 0x5ec6a50bcbb6
‚Üí Entering: 0x5ec6a50bcbb6 (called from 0x5ec6a50bc169)
‚Üí Entering: 0x5ec6a50bca9c (called from 0x5ec6a50bcc15)
‚Üê Exiting: 0x5ec6a50bca9c
‚Üí Entering: 0x5ec6a50bc915 (called from 0x5ec6a50bcc36)
‚Üê Exiting: 0x5ec6a50bc915
‚Üí Entering: 0x5ec6a50bc9a5 (called from 0x5ec6a50bcc76)
‚Üê Exiting: 0x5ec6a50bc9a5
‚Üê Exiting: 0x5ec6a50bcbb6
‚Üí Entering: 0x5ec6a50bcbb6 (called from 0x5ec6a50bc169)
‚Üí Entering: 0x5ec6a50bca9c (called from 0x5ec6a50bcc15)
‚Üê Exiting: 0x5ec6a50bca9c
‚Üí Entering: 0x5ec6a50bc915 (called from 0x5ec6a50bcc36)
‚Üê Exiting: 0x5ec6a50bc915
‚Üí Entering: 0x5ec6a50bc9a5 (called from 0x5ec6a50bcc76)
‚Üê Exiting: 0x5ec6a50bc9a5
‚Üê Exiting: 0x5ec6a50bcbb6
‚Üí Entering: 0x5ec6a50bcbb6 (called from 0x5ec6a50bc169)
‚Üí Entering: 0x5ec6a50bca9c (called from 0x5ec6a50bcc15)
‚Üê Exiting: 0x5ec6a50bca9c
‚Üí Entering: 0x5ec6a50bc915 (called from 0x5ec6a50bcc36)
‚Üê Exiting: 0x5ec6a50bc915
‚Üí Entering: 0x5ec6a50bc9a5 (called from 0x5ec6a50bcc76)
‚Üê Exiting: 0x5ec6a50bc9a5
‚Üê Exiting: 0x5ec6a50bcbb6
‚Üí Entering: 0x5ec6a50bcbb6 (called from 0x5ec6a50bc169)
‚Üí Entering: 0x5ec6a50bca9c (called from 0x5ec6a50bcc15)
‚Üê Exiting: 0x5ec6a50bca9c
‚Üí Entering: 0x5ec6a50bc915 (called from 0x5ec6a50bcc36)
‚Üê Exiting: 0x5ec6a50bc915
‚Üí Entering: 0x5ec6a50bc9a5 (called from 0x5ec6a50bcc76)
‚Üê Exiting: 0x5ec6a50bc9a5
‚Üê Exiting: 0x5ec6a50bcbb6
‚Üí Entering: 0x5ec6a50bcbb6 (called from 0x5ec6a50bc169)
‚Üí Entering: 0x5ec6a50bca9c (called from 0x5ec6a50bcc15)
‚Üê Exiting: 0x5ec6a50bca9c
‚Üí Entering: 0x5ec6a50bc915 (called from 0x5ec6a50bcc36)
‚Üê Exiting: 0x5ec6a50bc915
‚Üí Entering: 0x5ec6a50bc9a5 (called from 0x5ec6a50bcc76)
‚Üê Exiting: 0x5ec6a50bc9a5
‚Üê Exiting: 0x5ec6a50bcbb6
‚Üí Entering: 0x5ec6a50bcbb6 (called from 0x5ec6a50bc169)
‚Üí Entering: 0x5ec6a50bca9c (called from 0x5ec6a50bcc15)
‚Üê Exiting: 0x5ec6a50bca9c
‚Üí Entering: 0x5ec6a50bc915 (called from 0x5ec6a50bcc36)
‚Üê Exiting: 0x5ec6a50bc915
‚Üí Entering: 0x5ec6a50bc9a5 (called from 0x5ec6a50bcc76)
‚Üê Exiting: 0x5ec6a50bc9a5
‚Üê Exiting: 0x5ec6a50bcbb6
‚Üí Entering: 0x5ec6a50bcbb6 (called from 0x5ec6a50bc169)
‚Üí Entering: 0x5ec6a50bca9c (called from 0x5ec6a50bcc15)
‚Üê Exiting: 0x5ec6a50bca9c
‚Üí Entering: 0x5ec6a50bc915 (called from 0x5ec6a50bcc36)
‚Üê Exiting: 0x5ec6a50bc915
‚Üí Entering: 0x5ec6a50bc9a5 (called from 0x5ec6a50bcc76)
‚Üê Exiting: 0x5ec6a50bc9a5
‚Üê Exiting: 0x5ec6a50bcbb6
‚Üí Entering: 0x5ec6a50bcbb6 (called from 0x5ec6a50bc169)
‚Üí Entering: 0x5ec6a50bca9c (called from 0x5ec6a50bcc15)
‚Üê Exiting: 0x5ec6a50bca9c
‚Üí Entering: 0x5ec6a50bc915 (called from 0x5ec6a50bcc36)
‚Üê Exiting: 0x5ec6a50bc915
‚Üí Entering: 0x5ec6a50bc9a5 (called from 0x5ec6a50bcc76)
‚Üê Exiting: 0x5ec6a50bc9a5
‚Üê Exiting: 0x5ec6a50bcbb6
‚Üí Entering: 0x5ec6a50bcbb6 (called from 0x5ec6a50bc169)
‚Üí Entering: 0x5ec6a50bca9c (called from 0x5ec6a50bcc15)
‚Üê Exiting: 0x5ec6a50bca9c
‚Üí Entering: 0x5ec6a50bc915 (called from 0x5ec6a50bcc36)
‚Üê Exiting: 0x5ec6a50bc915
‚Üí Entering: 0x5ec6a50bc9a5 (called from 0x5ec6a50bcc76)
‚Üê Exiting: 0x5ec6a50bc9a5
‚Üê Exiting: 0x5ec6a50bcbb6
‚Üí Entering: 0x5ec6a50bcbb6 (called from 0x5ec6a50bc169)
‚Üí Entering: 0x5ec6a50bca9c (called from 0x5ec6a50bcc15)
‚Üê Exiting: 0x5ec6a50bca9c
‚Üí Entering: 0x5ec6a50bc915 (called from 0x5ec6a50bcc36)
‚Üê Exiting: 0x5ec6a50bc915
‚Üí Entering: 0x5ec6a50bc9a5 (called from 0x5ec6a50bcc76)
‚Üê Exiting: 0x5ec6a50bc9a5
‚Üê Exiting: 0x5ec6a50bcbb6
‚Üí Entering: 0x5ec6a50bcbb6 (called from 0x5ec6a50bc169)
‚Üí Entering: 0x5ec6a50bca9c (called from 0x5ec6a50bcc15)
‚Üê Exiting: 0x5ec6a50bca9c
‚Üí Entering: 0x5ec6a50bc915 (called from 0x5ec6a50bcc36)
‚Üê Exiting: 0x5ec6a50bc915
‚Üí Entering: 0x5ec6a50bc9a5 (called from 0x5ec6a50bcc76)
‚Üê Exiting: 0x5ec6a50bc9a5
‚Üê Exiting: 0x5ec6a50bcbb6
‚Üí Entering: 0x5ec6a50bcbb6 (called from 0x5ec6a50bc169)
‚Üí Entering: 0x5ec6a50bca9c (called from 0x5ec6a50bcc15)
‚Üê Exiting: 0x5ec6a50bca9c
‚Üí Entering: 0x5ec6a50bc915 (called from 0x5ec6a50bcc36)
‚Üê Exiting: 0x5ec6a50bc915
‚Üí Entering: 0x5ec6a50bc9a5 (called from 0x5ec6a50bcc76)
‚Üê Exiting: 0x5ec6a50bc9a5
‚Üê Exiting: 0x5ec6a50bcbb6
‚Üí Entering: 0x5ec6a50bcbb6 (called from 0x5ec6a50bc169)
‚Üí Entering: 0x5ec6a50bca9c (called from 0x5ec6a50bcc15)
‚Üê Exiting: 0x5ec6a50bca9c
‚Üí Entering: 0x5ec6a50bc915 (called from 0x5ec6a50bcc36)
‚Üê Exiting: 0x5ec6a50bc915
‚Üí Entering: 0x5ec6a50bc9a5 (called from 0x5ec6a50bcc76)
‚Üê Exiting: 0x5ec6a50bc9a5
‚Üê Exiting: 0x5ec6a50bcbb6
‚Üí Entering: 0x5ec6a50bcbb6 (called from 0x5ec6a50bc169)
‚Üí Entering: 0x5ec6a50bca9c (called from 0x5ec6a50bcc15)
‚Üê Exiting: 0x5ec6a50bca9c
‚Üí Entering: 0x5ec6a50bc915 (called from 0x5ec6a50bcc36)
‚Üê Exiting: 0x5ec6a50bc915
‚Üí Entering: 0x5ec6a50bc9a5 (called from 0x5ec6a50bcc76)
‚Üê Exiting: 0x5ec6a50bc9a5
‚Üê Exiting: 0x5ec6a50bcbb6
‚Üí Entering: 0x5ec6a50bcbb6 (called from 0x5ec6a50bc169)
‚Üí Entering: 0x5ec6a50bca9c (called from 0x5ec6a50bcc15)
‚Üê Exiting: 0x5ec6a50bca9c
‚Üí Entering: 0x5ec6a50bc915 (called from 0x5ec6a50bcc36)
‚Üê Exiting: 0x5ec6a50bc915
‚Üí Entering: 0x5ec6a50bc9a5 (called from 0x5ec6a50bcc76)
‚Üê Exiting: 0x5ec6a50bc9a5
‚Üê Exiting: 0x5ec6a50bcbb6
‚Üí Entering: 0x5ec6a50bcbb6 (called from 0x5ec6a50bc169)
‚Üí Entering: 0x5ec6a50bca9c (called from 0x5ec6a50bcc15)
‚Üê Exiting: 0x5ec6a50bca9c
‚Üí Entering: 0x5ec6a50bc915 (called from 0x5ec6a50bcc36)
‚Üê Exiting: 0x5ec6a50bc915
‚Üí Entering: 0x5ec6a50bc9a5 (called from 0x5ec6a50bcc76)
‚Üê Exiting: 0x5ec6a50bc9a5
‚Üê Exiting: 0x5ec6a50bcbb6
‚Üí Entering: 0x5ec6a50bcbb6 (called from 0x5ec6a50bc169)
‚Üí Entering: 0x5ec6a50bca9c (called from 0x5ec6a50bcc15)
‚Üê Exiting: 0x5ec6a50bca9c
‚Üí Entering: 0x5ec6a50bc915 (called from 0x5ec6a50bcc36)
‚Üê Exiting: 0x5ec6a50bc915
‚Üí Entering: 0x5ec6a50bc9a5 (called from 0x5ec6a50bcc76)
‚Üê Exiting: 0x5ec6a50bc9a5
‚Üê Exiting: 0x5ec6a50bcbb6
‚Üí Entering: 0x5ec6a50bcbb6 (called from 0x5ec6a50bc169)
‚Üí Entering: 0x5ec6a50bca9c (called from 0x5ec6a50bcc15)
‚Üê Exiting: 0x5ec6a50bca9c
‚Üí Entering: 0x5ec6a50bc915 (called from 0x5ec6a50bcc36)
‚Üê Exiting: 0x5ec6a50bc915
‚Üí Entering: 0x5ec6a50bc9a5 (called from 0x5ec6a50bcc76)
‚Üê Exiting: 0x5ec6a50bc9a5
‚Üê Exiting: 0x5ec6a50bcbb6
‚Üí Entering: 0x5ec6a50bcbb6 (called from 0x5ec6a50bc169)
‚Üí Entering: 0x5ec6a50bca9c (called from 0x5ec6a50bcc15)
‚Üê Exiting: 0x5ec6a50bca9c
‚Üí Entering: 0x5ec6a50bc915 (called from 0x5ec6a50bcc36)
‚Üê Exiting: 0x5ec6a50bc915
‚Üí Entering: 0x5ec6a50bc9a5 (called from 0x5ec6a50bcc76)
‚Üê Exiting: 0x5ec6a50bc9a5
‚Üê Exiting: 0x5ec6a50bcbb6
‚Üí Entering: 0x5ec6a50bcbb6 (called from 0x5ec6a50bc169)
‚Üí Entering: 0x5ec6a50bca9c (called from 0x5ec6a50bcc15)
‚Üê Exiting: 0x5ec6a50bca9c
‚Üí Entering: 0x5ec6a50bc915 (called from 0x5ec6a50bcc36)
‚Üê Exiting: 0x5ec6a50bc915
‚Üí Entering: 0x5ec6a50bc9a5 (called from 0x5ec6a50bcc76)
‚Üê Exiting: 0x5ec6a50bc9a5
‚Üê Exiting: 0x5ec6a50bcbb6
‚Üí Entering: 0x5ec6a50bcbb6 (called from 0x5ec6a50bc169)
‚Üí Entering: 0x5ec6a50bca9c (called from 0x5ec6a50bcc15)
‚Üê Exiting: 0x5ec6a50bca9c
‚Üí Entering: 0x5ec6a50bc915 (called from 0x5ec6a50bcc36)
‚Üê Exiting: 0x5ec6a50bc915
‚Üí Entering: 0x5ec6a50bc9a5 (called from 0x5ec6a50bcc76)
‚Üê Exiting: 0x5ec6a50bc9a5
‚Üê Exiting: 0x5ec6a50bcbb6
‚Üí Entering: 0x5ec6a50bcbb6 (called from 0x5ec6a50bc169)
‚Üí Entering: 0x5ec6a50bca9c (called from 0x5ec6a50bcc15)
‚Üê Exiting: 0x5ec6a50bca9c
‚Üí Entering: 0x5ec6a50bc915 (called from 0x5ec6a50bcc36)
‚Üê Exiting: 0x5ec6a50bc915
‚Üí Entering: 0x5ec6a50bc9a5 (called from 0x5ec6a50bcc76)
‚Üê Exiting: 0x5ec6a50bc9a5
‚Üê Exiting: 0x5ec6a50bcbb6
‚Üí Entering: 0x5ec6a50bcbb6 (called from 0x5ec6a50bc169)
‚Üí Entering: 0x5ec6a50bca9c (called from 0x5ec6a50bcc15)
‚Üê Exiting: 0x5ec6a50bca9c
‚Üí Entering: 0x5ec6a50bc915 (called from 0x5ec6a50bcc36)
‚Üê Exiting: 0x5ec6a50bc915
‚Üí Entering: 0x5ec6a50bc9a5 (called from 0x5ec6a50bcc76)
‚Üê Exiting: 0x5ec6a50bc9a5
‚Üê Exiting: 0x5ec6a50bcbb6
‚Üí Entering: 0x5ec6a50bcbb6 (called from 0x5ec6a50bc169)
‚Üí Entering: 0x5ec6a50bca9c (called from 0x5ec6a50bcc15)
‚Üê Exiting: 0x5ec6a50bca9c
‚Üí Entering: 0x5ec6a50bc915 (called from 0x5ec6a50bcc36)
‚Üê Exiting: 0x5ec6a50bc915
‚Üí Entering: 0x5ec6a50bc9a5 (called from 0x5ec6a50bcc76)
‚Üê Exiting: 0x5ec6a50bc9a5
‚Üê Exiting: 0x5ec6a50bcbb6
‚Üí Entering: 0x5ec6a50bcbb6 (called from 0x5ec6a50bc169)
‚Üí Entering: 0x5ec6a50bca9c (called from 0x5ec6a50bcc15)
‚Üê Exiting: 0x5ec6a50bca9c
‚Üí Entering: 0x5ec6a50bc915 (called from 0x5ec6a50bcc36)
‚Üê Exiting: 0x5ec6a50bc915
‚Üí Entering: 0x5ec6a50bc9a5 (called from 0x5ec6a50bcc76)
‚Üê Exiting: 0x5ec6a50bc9a5
‚Üê Exiting: 0x5ec6a50bcbb6
‚Üí Entering: 0x5ec6a50bcbb6 (called from 0x5ec6a50bc169)
‚Üí Entering: 0x5ec6a50bca9c (called from 0x5ec6a50bcc15)
‚Üê Exiting: 0x5ec6a50bca9c
‚Üí Entering: 0x5ec6a50bc915 (called from 0x5ec6a50bcc36)
‚Üê Exiting: 0x5ec6a50bc915
‚Üí Entering: 0x5ec6a50bc9a5 (called from 0x5ec6a50bcc76)
‚Üê Exiting: 0x5ec6a50bc9a5
‚Üê Exiting: 0x5ec6a50bcbb6
‚Üê Exiting: 0x5ec6a50bc0fc
‚Üê Exiting: 0x5ec6a50b7973
‚Üí Entering: 0x5ec6a50bd474 (called from 0x5ec6a50bd5c6)
‚Üí Entering: 0x5ec6a50b7bb1 (called from 0x5ec6a50bd49f)
‚Üê Exiting: 0x5ec6a50b7bb1
‚Üí Entering: 0x5ec6a50bd3ae (called from 0x5ec6a50bd4b0)
‚Üí Entering: 0x5ec6a50bd0e2 (called from 0x5ec6a50bd3e5)
[?2004h[0;36mminishell>[0m ls | cat -e
[?2004l‚Üê Exiting: 0x5ec6a50bd0e2
‚Üí Entering: 0x5ec6a50bd2b9 (called from 0x5ec6a50bd414)
‚Üí Entering: 0x5ec6a50bd1f9 (called from 0x5ec6a50bd383)
‚Üê Exiting: 0x5ec6a50bd1f9
‚Üê Exiting: 0x5ec6a50bd2b9
‚Üí Entering: 0x5ec6a50b8163 (called from 0x5ec6a50bd424)
‚Üí Entering: 0x5ec6a50b80ba (called from 0x5ec6a50b81ac)
‚Üí Entering: 0x5ec6a50b7e04 (called from 0x5ec6a50b80ff)
‚Üê Exiting: 0x5ec6a50b7e04
‚Üê Exiting: 0x5ec6a50b80ba
‚Üí Entering: 0x5ec6a50b7f37 (called from 0x5ec6a50b81fe)
‚Üê Exiting: 0x5ec6a50b7f37
‚Üí Entering: 0x5ec6a50b802f (called from 0x5ec6a50b8227)
‚Üê Exiting: 0x5ec6a50b802f
‚Üí Entering: 0x5ec6a50b7f37 (called from 0x5ec6a50b81fe)
‚Üê Exiting: 0x5ec6a50b7f37
‚Üí Entering: 0x5ec6a50b802f (called from 0x5ec6a50b8227)
‚Üê Exiting: 0x5ec6a50b802f
‚Üí Entering: 0x5ec6a50b7f37 (called from 0x5ec6a50b81fe)
‚Üê Exiting: 0x5ec6a50b7f37
‚Üí Entering: 0x5ec6a50b802f (called from 0x5ec6a50b8227)
‚Üê Exiting: 0x5ec6a50b802f
‚Üí Entering: 0x5ec6a50b7f37 (called from 0x5ec6a50b81fe)
‚Üê Exiting: 0x5ec6a50b7f37
‚Üí Entering: 0x5ec6a50b802f (called from 0x5ec6a50b8227)
‚Üê Exiting: 0x5ec6a50b802f
‚Üê Exiting: 0x5ec6a50b8163
‚Üê Exiting: 0x5ec6a50bd3ae
‚Üí Entering: 0x5ec6a50b848c (called from 0x5ec6a50bd4c5)
‚Üí Entering: 0x5ec6a50b896e (called from 0x5ec6a50b854d)
‚Üí Entering: 0x5ec6a50b8590 (called from 0x5ec6a50b89a5)
‚Üê Exiting: 0x5ec6a50b8590
‚Üí Entering: 0x5ec6a50b8b6f (called from 0x5ec6a50b89cc)
‚Üê Exiting: 0x5ec6a50b8b6f
‚Üí Entering: 0x5ec6a50b8bf9 (called from 0x5ec6a50b89f9)
‚Üê Exiting: 0x5ec6a50b8bf9
‚Üê Exiting: 0x5ec6a50b896e
‚Üí Entering: 0x5ec6a50b88db (called from 0x5ec6a50b8532)
‚Üí Entering: 0x5ec6a50b8b6f (called from 0x5ec6a50b891e)
‚Üê Exiting: 0x5ec6a50b8b6f
‚Üí Entering: 0x5ec6a50b8bf9 (called from 0x5ec6a50b894b)
‚Üê Exiting: 0x5ec6a50b8bf9
‚Üê Exiting: 0x5ec6a50b88db
‚Üí Entering: 0x5ec6a50b896e (called from 0x5ec6a50b854d)
‚Üí Entering: 0x5ec6a50b8590 (called from 0x5ec6a50b89a5)
‚Üê Exiting: 0x5ec6a50b8590
‚Üí Entering: 0x5ec6a50b8b6f (called from 0x5ec6a50b89cc)
‚Üê Exiting: 0x5ec6a50b8b6f
‚Üí Entering: 0x5ec6a50b8bf9 (called from 0x5ec6a50b89f9)
‚Üê Exiting: 0x5ec6a50b8bf9
‚Üê Exiting: 0x5ec6a50b896e
‚Üí Entering: 0x5ec6a50b896e (called from 0x5ec6a50b854d)
‚Üí Entering: 0x5ec6a50b8590 (called from 0x5ec6a50b89a5)
‚Üê Exiting: 0x5ec6a50b8590
‚Üí Entering: 0x5ec6a50b8b6f (called from 0x5ec6a50b89cc)
‚Üê Exiting: 0x5ec6a50b8b6f
‚Üí Entering: 0x5ec6a50b8bf9 (called from 0x5ec6a50b89f9)
‚Üê Exiting: 0x5ec6a50b8bf9
‚Üê Exiting: 0x5ec6a50b896e
‚Üê Exiting: 0x5ec6a50b848c
‚Üí Entering: 0x5ec6a50b8c86 (called from 0x5ec6a50bd530)
‚Üê Exiting: 0x5ec6a50b8c86
‚Üê Exiting: 0x5ec6a50bd474
‚Üí Entering: 0x5ec6a50b8ef3 (called from 0x5ec6a50bd5d2)
‚Üí Entering: 0x5ec6a50b8af2 (called from 0x5ec6a50b8f2b)
‚Üê Exiting: 0x5ec6a50b8af2
‚Üí Entering: 0x5ec6a50b8dbc (called from 0x5ec6a50b8f66)
‚Üí Entering: 0x5ec6a50b9268 (called from 0x5ec6a50b8e20)
‚Üí Entering: 0x5ec6a50b90ea (called from 0x5ec6a50b92e1)
‚Üí Entering: 0x5ec6a50b8fc8 (called from 0x5ec6a50b9125)
‚Üê Exiting: 0x5ec6a50b8fc8
‚Üí Entering: 0x5ec6a50b8d28 (called from 0x5ec6a50b91f7)
‚Üí Entering: 0x5ec6a50b8b6f (called from 0x5ec6a50b8d9a)
‚Üê Exiting: 0x5ec6a50b8b6f
‚Üê Exiting: 0x5ec6a50b8d28
‚Üí Entering: 0x5ec6a50b8bf9 (called from 0x5ec6a50b920d)
‚Üê Exiting: 0x5ec6a50b8bf9
‚Üê Exiting: 0x5ec6a50b90ea
‚Üê Exiting: 0x5ec6a50b9268
‚Üí Entering: 0x5ec6a50b8ef3 (called from 0x5ec6a50b8e7c)
‚Üí Entering: 0x5ec6a50b8af2 (called from 0x5ec6a50b8f2b)
‚Üê Exiting: 0x5ec6a50b8af2
‚Üí Entering: 0x5ec6a50b9268 (called from 0x5ec6a50b8f7d)
‚Üí Entering: 0x5ec6a50b90ea (called from 0x5ec6a50b92e1)
‚Üí Entering: 0x5ec6a50b8fc8 (called from 0x5ec6a50b9125)
‚Üê Exiting: 0x5ec6a50b8fc8
‚Üí Entering: 0x5ec6a50b8d28 (called from 0x5ec6a50b91f7)
‚Üí Entering: 0x5ec6a50b8b6f (called from 0x5ec6a50b8d9a)
‚Üê Exiting: 0x5ec6a50b8b6f
‚Üê Exiting: 0x5ec6a50b8d28
‚Üí Entering: 0x5ec6a50b8bf9 (called from 0x5ec6a50b920d)
‚Üê Exiting: 0x5ec6a50b8bf9
‚Üê Exiting: 0x5ec6a50b90ea
‚Üí Entering: 0x5ec6a50b90ea (called from 0x5ec6a50b92e1)
‚Üí Entering: 0x5ec6a50b8fc8 (called from 0x5ec6a50b9125)
‚Üê Exiting: 0x5ec6a50b8fc8
‚Üí Entering: 0x5ec6a50b8d28 (called from 0x5ec6a50b91f7)
‚Üí Entering: 0x5ec6a50b8b6f (called from 0x5ec6a50b8d9a)
‚Üê Exiting: 0x5ec6a50b8b6f
‚Üê Exiting: 0x5ec6a50b8d28
‚Üí Entering: 0x5ec6a50b8bf9 (called from 0x5ec6a50b920d)
‚Üê Exiting: 0x5ec6a50b8bf9
‚Üê Exiting: 0x5ec6a50b90ea
‚Üê Exiting: 0x5ec6a50b9268
‚Üê Exiting: 0x5ec6a50b8ef3
‚Üê Exiting: 0x5ec6a50b8dbc
‚Üê Exiting: 0x5ec6a50b8ef3
‚Üí Entering: 0x5ec6a50b9f2a (called from 0x5ec6a50bd5f3)
‚Üí Entering: 0x5ec6a50bae4a (called from 0x5ec6a50b9f69)
‚Üê Exiting: 0x5ec6a50bae4a
‚Üí Entering: 0x5ec6a50b9885 (called from 0x5ec6a50b9f7b)
‚Üê Exiting: 0x5ec6a50b9885
‚Üí Entering: 0x5ec6a50b9dd6 (called from 0x5ec6a50b9fa3)
‚Üê Exiting: 0x5ec6a50b9dd6‚Üí 
Enteri‚nÜgí:  Entering: 0x5ec6a50b9dd60 x(called from 0x55eecc66aa5500bb9ab0e470) 
(called from 0x5ec6a50b9e37)
‚Üí Entering: 0x5ec6a50b7d4c (called from 0x5ec6a50b9c29)
‚Üê Exiting: 0x5ec6a50b7d4c
‚Üí Entering: 0x5ec6a50bb1ef (called from 0x5ec6a50b9c88)
‚Üê Exiting: ‚Üí Enter0ixng: 0x5ec6a50b95dedc66a50b
9b‚eÜ7í  E(nctaelrliendg :f ro0mx 50exc65ae5c06b9ae5802b 9(ec3a7ll)e
d‚ Üfír oEmn te0rxin5g:e c60ax50b5ae0c564a5)0
b7‚dÜ4íc  E(nctaelrlinegd:  fr0oxm 50exc6a55e0cb67ac509b49 c(2c9a)l
l‚Üê Exiting: 0x5ec6a50b7d4c
‚Üí Entering: 0x5ec6a50bb1ef (called from 0x5ec6a50b9c88)
‚Üí Entering: 0x5ec6a50baa83 (called from e0x5ec6a50bdb 2fbr1o)m
 ‚Üê Ex0ixting5:e c60ax505be9ce6ca05)0
baa83‚
Üê‚ ÜEêx iEtxiintgi:n g:0 x0x5ec56ae5c06b7ac5904b
b1ef
‚Üí Entering: 0x5ec6a50bab3d (called from 0x5ec6a50b9cc0)
‚Üí Entering: 0x5ec6a50ba80f (called from 0x5ec6a50bab8b)
‚Üê Exiting: 0x5ec6a50ba80f
‚Üí Entering: 0x5ec6a50ba80f (called from 0x5ec6a50bab8b)
‚Üê Exiting: 0x5ec6a50ba80f
‚Üê Exiting: 0x5ec6a50bab3d
‚Üí Entering: 0x5ec6a50bb54b (called from 0x5ec6a50b9cd7)
‚Üí Entering: 0x5ec6a50bb4c9 (called from 0x5ec6a50bb582)
‚Üê Exiting: 0x5ec6a50bb4c9
‚Üê Exiting: 0x5ec6a50bb54b
‚Üí Entering: 0x5ec6a50b974b (called from 0x5ec6a50b9d17)
‚Üê Exiting: 0x5ec6a50b974b
‚Üí Entering: 0x5ec6a50bc1c7 (called from 0x5ec6a50b9d45)
‚Üê Exiting: 0x5ec6a50bc1c7
‚Üí Entering: 0x5ec6a50b9a85 (called from 0x5ec6a50b9d98)
‚Üí Entering: 0x5ec6a50bb37e (called from 0x5ec6a50b9acc)
‚Üí Entering: 0x5ec6a50bb317 (called from 0x5ec6a50bb45c)
‚Üê Exiting: 0x5ec6a50bb317
‚Üí Entering: 0x5ec6a50bb317 (called from 0x5ec6a50bb45c)
‚Üê Exiting: 0x5ec6a50bb317
‚Üí Entering: 0x5ec6a50bb317 (called from 0x5ec6a50bb45c)
‚Üê Exiting: 0x5ec6a50bb317
‚Üí Entering: 0x5ec6a50bb317 (called from 0x5ec6a50bb45c)
‚Üê Exiting: 0x5ec6a50bb317
‚Üí Entering: 0x5ec6a50bb317 (called from 0x5ec6a50bb45c)
‚Üê Exiting: 0x5ec6a50bb317
‚Üí Entering: 0x5ec6a50bb317 (called from 0x5ec6a50bb45c)
‚Üê Exiting: 0x5ec6a50bb317
‚Üí Entering: 0x5ec6a50bb317 (called from 0x5ec6a50bb45c)
‚Üê Exiting: 0x5ec6a50bb317
‚Üí Entering: 0x5ec6a50bb317 (called from 0x5ec6a50bb45c)
‚Üê Exiting: 0x5ec6a50bb317
‚Üí Entering: 0x5ec6a50bb317 (called from 0x5ec6a50bb45c)
‚Üê Exiting: 0x5ec6a50bb317
‚Üí Entering: 0x5ec6a50bb317 (called from 0x5ec6a50bb45c)
‚Üê Exiting: 0x5ec6a50bb317
‚Üí Entering: 0x5ec6a50bb317 (called from 0x5ec6a50bb45c)
‚Üê Exiting: 0x5ec6a50bb317
‚Üí Entering: 0x5ec6a50bb317 (called from 0x5ec6a50bb45c)
‚Üê Exiting: 0x5ec6a50bb317
‚Üí Entering: 0x5ec6a50bb317 (called from 0x5ec6a50bb45c)
‚Üê Exiting: 0x5ec6a50bb317
‚Üí Entering: 0x5ec6a50bb317 (called from 0x5ec6a50bb45c)
‚Üê Exiting: 0x5ec6a50bb317
‚Üí Entering: 0x5ec6a50bb317 (called from 0x5ec6a50bb45c)
‚Üê Exiting: 0x5ec6a50bb317
‚Üí Entering: 0x5ec6a50bb317 (called from 0x5ec6a50bb45c)
‚Üê Exiting: 0x5ec6a50bb317
‚Üí Entering: 0x5ec6a50bb317 (called from 0x5ec6a50bb45c)
‚Üê Exiting: 0x5ec6a50bb317
‚Üí Entering: 0x5ec6a50bb317 (called from 0x5ec6a50bb45c)
‚Üê Exiting: 0x5ec6a50bb317
‚Üí Entering: 0x5ec6a50bb317 (called from 0x5ec6a50bb45c)
‚Üê Exiting: 0x5ec6a50bb317
‚Üí Entering: 0x5ec6a50bb317 (called from 0x5ec6a50bb45c)
‚Üê Exiting: 0x5ec6a50bb317
‚Üí Entering: 0x5ec6a50bb317 (called from 0x5ec6a50bb45c)
‚Üê Exiting: 0x5ec6a50bb317
‚Üí Entering: 0x5ec6a50bb317 (called from 0x5ec6a50bb45c)
‚Üê Exiting: 0x5ec6a50bb317
‚Üí Entering: 0x5ec6a50bb317 (called from 0x5ec6a50bb45c)
‚Üê Exiting: 0x5ec6a50bb317
‚Üí Entering: 0x5ec6a50bb317 (called from 0x5ec6a50bb45c)
‚Üê Exiting: 0x5ec6a50bb317
‚Üí Entering: 0x5ec6a50bb317 (called from 0x5ec6a50bb45c)
‚Üê Exiting: 0x5ec6a50bb317
‚Üí Entering: 0x5ec6a50bb317 (called from 0x5ec6a50bb45c)
‚Üê Exiting: 0x5ec6a50bb317
‚Üí Entering: 0x5ec6a50bb317 (called from 0x5ec6a50bb45c)
‚Üê Exiting: 0x5ec6a50bb317
‚Üí Entering: 0x5ec6a50bb317 (called from 0x5ec6a50bb45c)
‚Üê Exiting: 0x5ec6a50bb317
‚Üí Entering: 0x5ec6a50bb317 (called from 0x5ec6a50bb45c)
‚Üê Exiting: 0x5ec6a50bb317
‚Üí Entering: 0x5ec6a50bb317 (called from 0x5ec6a50bb45c)
‚Üê Exiting: 0x5ec6a50bb317
‚Üí Entering: 0x5ec6a50bb317 (called from 0x5ec6a50bb45c)
‚Üê Exiting: 0x5ec6a50bb317
‚Üí Entering: 0x5ec6a50bb317 (called from 0x5ec6a50bb45c)
‚Üê Exiting: 0x5ec6a50bb317
‚Üí Entering: 0x5ec6a50bb317 (called from 0x5ec6a50bb45c)
‚Üê Exiting: 0x5ec6a50bb317
‚Üí Entering: 0x5ec6a50bb317 (called from 0x5ec6a50bb45c)
‚Üê Exiting: 0x5ec6a50bb317
‚Üí Entering: 0x5ec6a50bb317 (called from 0x5ec6a50bb45c)
‚Üê Exiting: 0x5ec6a50bb317
‚Üí Entering: 0x5ec6a50bb317 (called from 0x5ec6a50bb45c)
‚Üê Exiting: 0x5ec6a50bb317
‚Üí Entering: 0x5ec6a50bb317 (called from 0x5ec6a50bb45c)
‚Üê Exiting: 0x5ec6a50bb317
‚Üí Entering: 0x5ec6a50bb317 (called from 0x5ec6a50bb45c)
‚Üê Exiting: 0x5ec6a50bb317
‚Üí Entering: 0x5ec6a50bb317 (called from 0x5ec6a50bb45c)
‚Üê Exiting: 0x5ec6a50bb317
‚Üí Entering: 0x5ec6a50bb317 (called from 0x5ec6a50bb45c)
‚Üê Exiting: 0x5ec6a50bb317
‚Üí Entering: 0x5ec6a50bb317 (called from 0x5ec6a50bb45c)
‚Üê Exiting: 0x5ec6a50bb317
‚Üí Entering: 0x5ec6a50bb317 (called from 0x5ec6a50bb45c)
‚Üê Exiting: 0x5ec6a50bb317
‚Üí Entering: 0x5ec6a50bb317 (called from 0x5ec6a50bb45c)
‚Üê Exiting: 0x5ec6a50bb317
‚Üí Entering: 0x5ec6a50bb317 (called from 0x5ec6a50bb45c)
‚Üê Exiting: 0x5ec6a50bb317
‚Üí Entering: 0x5ec6a50bb317 (called from 0x5ec6a50bb45c)
‚Üê Exiting: 0x5ec6a50bb317
‚Üí Entering: 0x5ec6a50bb317 (called from 0x5ec6a50bb45c)
‚Üê Exiting: 0x5ec6a50bb317
‚Üí Entering: 0x5ec6a50bb317 (called from 0x5ec6a50bb45c)
‚Üê Exiting: 0x5ec6a50bb317
‚Üí Entering: 0x5ec6a50bb317 (called from 0x5ec6a50bb45c)
‚Üê Exiting: 0x5ec6a50bb317
‚Üí Entering: 0x5ec6a50bb317 (called from 0x5ec6a50bb45c)
‚Üê Exiting: 0x5ec6a50bb317
‚Üí Entering: 0x5ec6a50bb317 (called from 0x5ec6a50bb45c)
‚Üê Exiting: 0x5ec6a50bb317
‚Üê Exiting: 0x5ec6a50bb37e
‚Üí Entering: 0x5ec6a50ba074 (called from 0x5ec6a50b9ae3)
‚Üê Exiting: 0x5ec6a50ba074
M-bM-^FM-^R Entering: 0x5ec6a50baa83 (called from 0x5ec6a50bb2b1)$
M-bM-^FM-^P Exiting: 0x5ec6a50baa83$
M-bM-^FM-^P Exiting: 0x5ec6a50bb1ef$
M-bM-^FM-^R Entering: 0x5ec6a50bab3d (called from 0x5ec6a50b9cc0)$
M-bM-^FM-^R Entering: 0x5ec6a50ba80f (called from 0x5ec6a50bab8b)$
M-bM-^FM-^P Exiting: 0x5ec6a50ba80f$
M-bM-^FM-^P Exiting: 0x5ec6a50bab3d$
M-bM-^FM-^R Entering: 0x5ec6a50bb54b (called from 0x5ec6a50b9cd7)$
M-bM-^FM-^R Entering: 0x5ec6a50bb4c9 (called from 0x5ec6a50bb582)$
M-bM-^FM-^P Exiting: 0x5ec6a50bb4c9$
M-bM-^FM-^P Exiting: 0x5ec6a50bb54b$
M-bM-^FM-^R Entering: 0x5ec6a50b974b (called from 0x5ec6a50b9d17)$
M-bM-^FM-^P Exiting: 0x5ec6a50b974b$
M-bM-^FM-^R Entering: 0x5ec6a50bc1c7 (called from 0x5ec6a50b9d45)$
M-bM-^FM-^P Exiting: 0x5ec6a50bc1c7$
M-bM-^FM-^R Entering: 0x5ec6a50b9a85 (called from 0x5ec6a50b9d98)$
M-bM-^FM-^R Entering: 0x5ec6a50bb37e (called from 0x5ec6a50b9acc)$
M-bM-^FM-^R Entering: 0x5ec6a50bb317 (called from 0x5ec6a50bb45c)$
M-bM-^FM-^P Exiting: 0x5ec6a50bb317$
M-bM-^FM-^R Entering: 0x5ec6a50bb317 (called from 0x5ec6a50bb45c)$
M-bM-^FM-^P Exiting: 0x5ec6a50bb317$
M-bM-^FM-^R Entering: 0x5ec6a50bb317 (called from 0x5ec6a50bb45c)$
M-bM-^FM-^P Exiting: 0x5ec6a50bb317$
M-bM-^FM-^R Entering: 0x5ec6a50bb317 (called from 0x5ec6a50bb45c)$
M-bM-^FM-^P Exiting: 0x5ec6a50bb317$
M-bM-^FM-^R Entering: 0x5ec6a50bb317 (called from 0x5ec6a50bb45c)$
M-bM-^FM-^P Exiting: 0x5ec6a50bb317$
M-bM-^FM-^R Entering: 0x5ec6a50bb317 (called from 0x5ec6a50bb45c)$
M-bM-^FM-^P Exiting: 0x5ec6a50bb317$
M-bM-^FM-^R Entering: 0x5ec6a50bb317 (called from 0x5ec6a50bb45c)$
M-bM-^FM-^P Exiting: 0x5ec6a50bb317$
M-bM-^FM-^R Entering: 0x5ec6a50bb317 (called from 0x5ec6a50bb45c)$
M-bM-^FM-^P Exiting: 0x5ec6a50bb317$
M-bM-^FM-^R Entering: 0x5ec6a50bb317 (called from 0x5ec6a50bb45c)$
M-bM-^FM-^P Exiting: 0x5ec6a50bb317$
M-bM-^FM-^R Entering: 0x5ec6a50bb317 (called from 0x5ec6a50bb45c)$
M-bM-^FM-^P Exiting: 0x5ec6a50bb317$
M-bM-^FM-^R Entering: 0x5ec6a50bb317 (called from 0x5ec6a50bb45c)$
M-bM-^FM-^P Exiting: 0x5ec6a50bb317$
M-bM-^FM-^R Entering: 0x5ec6a50bb317 (called from 0x5ec6a50bb45c)$
M-bM-^FM-^P Exiting: 0x5ec6a50bb317$
M-bM-^FM-^R Entering: 0x5ec6a50bb317 (called from 0x5ec6a50bb45c)$
M-bM-^FM-^P Exiting: 0x5ec6a50bb317$
M-bM-^FM-^R Entering: 0x5ec6a50bb317 (called from 0x5ec6a50bb45c)$
M-bM-^FM-^P Exiting: 0x5ec6a50bb317$
M-bM-^FM-^R Entering: 0x5ec6a50bb317 (called from 0x5ec6a50bb45c)$
M-bM-^FM-^P Exiting: 0x5ec6a50bb317$
M-bM-^FM-^R Entering: 0x5ec6a50bb317 (called from 0x5ec6a50bb45c)$
M-bM-^FM-^P Exiting: 0x5ec6a50bb317$
M-bM-^FM-^R Entering: 0x5ec6a50bb317 (called from 0x5ec6a50bb45c)$
M-bM-^FM-^P Exiting: 0x5ec6a50bb317$
M-bM-^FM-^R Entering: 0x5ec6a50bb317 (called from 0x5ec6a50bb45c)$
M-bM-^FM-^P Exiting: 0x5ec6a50bb317$
M-bM-^FM-^R Entering: 0x5ec6a50bb317 (called from 0x5ec6a50bb45c)$
M-bM-^FM-^P Exiting: 0x5ec6a50bb317$
M-bM-^FM-^R Entering: 0x5ec6a50bb317 (called from 0x5ec6a50bb45c)$
M-bM-^FM-^P Exiting: 0x5ec6a50bb317$
M-bM-^FM-^R Entering: 0x5ec6a50bb317 (called from 0x5ec6a50bb45c)$
M-bM-^FM-^P Exiting: 0x5ec6a50bb317$
M-bM-^FM-^R Entering: 0x5ec6a50bb317 (called from 0x5ec6a50bb45c)$
M-bM-^FM-^P Exiting: 0x5ec6a50bb317$
M-bM-^FM-^R Entering: 0x5ec6a50bb317 (called from 0x5ec6a50bb45c)$
M-bM-^FM-^P Exiting: 0x5ec6a50bb317$
M-bM-^FM-^R Entering: 0x5ec6a50bb317 (called from 0x5ec6a50bb45c)$
M-bM-^FM-^P Exiting: 0x5ec6a50bb317$
M-bM-^FM-^R Entering: 0x5ec6a50bb317 (called from 0x5ec6a50bb45c)$
M-bM-^FM-^P Exiting: 0x5ec6a50bb317$
M-bM-^FM-^R Entering: 0x5ec6a50bb317 (called from 0x5ec6a50bb45c)$
M-bM-^FM-^P Exiting: 0x5ec6a50bb317$
M-bM-^FM-^R Entering: 0x5ec6a50bb317 (called from 0x5ec6a50bb45c)$
M-bM-^FM-^P Exiting: 0x5ec6a50bb317$
M-bM-^FM-^R Entering: 0x5ec6a50bb317 (called from 0x5ec6a50bb45c)$
M-bM-^FM-^P Exiting: 0x5ec6a50bb317$
M-bM-^FM-^R Entering: 0x5ec6a50bb317 (called from 0x5ec6a50bb45c)$
M-bM-^FM-^P Exiting: 0x5ec6a50bb317$
M-bM-^FM-^R Entering: 0x5ec6a50bb317 (called from 0x5ec6a50bb45c)$
M-bM-^FM-^P Exiting: 0x5ec6a50bb317$
M-bM-^FM-^R Entering: 0x5ec6a50bb317 (called from 0x5ec6a50bb45c)$
M-bM-^FM-^P Exiting: 0x5ec6a50bb317$
M-bM-^FM-^R Entering: 0x5ec6a50bb317 (called from 0x5ec6a50bb45c)$
M-bM-^FM-^P Exiting: 0x5ec6a50bb317$
M-bM-^FM-^R Entering: 0x5ec6a50bb317 (called from 0x5ec6a50bb45c)$
M-bM-^FM-^P Exiting: 0x5ec6a50bb317$
M-bM-^FM-^R Entering: 0x5ec6a50bb317 (called from 0x5ec6a50bb45c)$
M-bM-^FM-^P Exiting: 0x5ec6a50bb317$
M-bM-^FM-^R Entering: 0x5ec6a50bb317 (called from 0x5ec6a50bb45c)$
M-bM-^FM-^P Exiting: 0x5ec6a50bb317$
M-bM-^FM-^R Entering: 0x5ec6a50bb317 (called from 0x5ec6a50bb45c)$
M-bM-^FM-^P Exiting: 0x5ec6a50bb317$
M-bM-^FM-^R Entering: 0x5ec6a50bb317 (called from 0x5ec6a50bb45c)$
M-bM-^FM-^P Exiting: 0x5ec6a50bb317$
M-bM-^FM-^R Entering: 0x5ec6a50bb317 (called from 0x5ec6a50bb45c)$
M-bM-^FM-^P Exiting: 0x5ec6a50bb317$
M-bM-^FM-^R Entering: 0x5ec6a50bb317 (called from 0x5ec6a50bb45c)$
M-bM-^FM-^P Exiting: 0x5ec6a50bb317$
M-bM-^FM-^R Entering: 0x5ec6a50bb317 (called from 0x5ec6a50bb45c)$
M-bM-^FM-^P Exiting: 0x5ec6a50bb317$
M-bM-^FM-^R Entering: 0x5ec6a50bb317 (called from 0x5ec6a50bb45c)$
M-bM-^FM-^P Exiting: 0x5ec6a50bb317$
M-bM-^FM-^R Entering: 0x5ec6a50bb317 (called from 0x5ec6a50bb45c)$
M-bM-^FM-^P Exiting: 0x5ec6a50bb317$
M-bM-^FM-^R Entering: 0x5ec6a50bb317 (called from 0x5ec6a50bb45c)$
M-bM-^FM-^P Exiting: 0x5ec6a50bb317$
M-bM-^FM-^R Entering: 0x5ec6a50bb317 (called from 0x5ec6a50bb45c)$
M-bM-^FM-^P Exiting: 0x5ec6a50bb317$
M-bM-^FM-^R Entering: 0x5ec6a50bb317 (called from 0x5ec6a50bb45c)$
M-bM-^FM-^P Exiting: 0x5ec6a50bb317$
M-bM-^FM-^R Entering: 0x5ec6a50bb317 (called from 0x5ec6a50bb45c)$
M-bM-^FM-^P Exiting: 0x5ec6a50bb317$
M-bM-^FM-^R Entering: 0x5ec6a50bb317 (called from 0x5ec6a50bb45c)$
M-bM-^FM-^P Exiting: 0x5ec6a50bb317$
M-bM-^FM-^R Entering: 0x5ec6a50bb317 (called from 0x5ec6a50bb45c)$
M-bM-^FM-^P Exiting: 0x5ec6a50bb317$
M-bM-^FM-^R Entering: 0x5ec6a50bb317 (called from 0x5ec6a50bb45c)$
M-bM-^FM-^P Exiting: 0x5ec6a50bb317$
M-bM-^FM-^R Entering: 0x5ec6a50bb317 (called from 0x5ec6a50bb45c)$
M-bM-^FM-^P Exiting: 0x5ec6a50bb317$
M-bM-^FM-^P Exiting: 0x5ec6a50bb37e$
M-bM-^FM-^R Entering: 0x5ec6a50ba074 (called from 0x5ec6a50b9ae3)$
M-bM-^FM-^P Exiting: 0x5ec6a50ba074$
Makefile$
NOTES.md$
TODO.md$
include$
libft$
minishell$
minishell.supp$
minishell_tester$
src$
tests$
trace.log$
‚Üí Entering: 0x5ec6a50bb65e (called from 0x5ec6a50b9edd)
‚Üê Exiting: 0x5ec6a50bb65e
‚Üê Exiting: 0x5ec6a50b9e82
‚Üê Exiting: 0x5ec6a50b9f2a
‚Üí Entering: 0x5ec6a50b94c5 (called from 0x5ec6a50bd602)
‚Üí Entering: 0x5ec6a50b94c5 (called from 0x5ec6a50b9506)
‚Üí Entering: 0x5ec6a50b93e8 (called from 0x5ec6a50b952f)
‚Üê Exiting: 0x5ec6a50b93e8
‚Üê Exiting: 0x5ec6a50b94c5
‚Üí Entering: 0x5ec6a50b94c5 (called from 0x5ec6a50b9516)
‚Üí Entering: 0x5ec6a50b93e8 (called from 0x5ec6a50b952f)
‚Üê Exiting: 0x5ec6a50b93e8
‚Üê Exiting: 0x5ec6a50b94c5
‚Üê Exiting: 0x5ec6a50b94c5
‚Üí Entering: 0x5ec6a50b7a41 (called from 0x5ec6a50bd60e)
‚Üê Exiting: 0x5ec6a50b7a41
‚Üí Entering: 0x5ec6a50bd474 (called from 0x5ec6a50bd5c6)
‚Üí Entering: 0x5ec6a50b7bb1 (called from 0x5ec6a50bd49f)
‚Üê Exiting: 0x5ec6a50b7bb1
‚Üí Entering: 0x5ec6a50bd3ae (called from 0x5ec6a50bd4b0)
‚Üí Entering: 0x5ec6a50bd0e2 (called from 0x5ec6a50bd3e5)
[?2004h[0;36mminishell>[0m [?2004l
‚Üê Exiting: 0x5ec6a50bd0e2
‚Üí Entering: 0x5ec6a50b754e (called from 0x5ec6a50bd401)
‚Üí Entering: 0x5ec6a50b7ac3 (called from 0x5ec6a50b75d9)
‚Üí Entering: 0x5ec6a50bbf10 (called from 0x5ec6a50b7af8)
‚Üê Exiting: 0x5ec6a50bbf10
‚Üê Exiting: 0x5ec6a50b7ac3
