==00:00:00:00.000 2392305== Memcheck, a memory error detector
==00:00:00:00.000 2392305== Copyright (C) 2002-2024, and GNU GPL'd, by Julian Seward et al.
==00:00:00:00.000 2392305== Using Valgrind-3.26.0 and LibVEX; rerun with -h for copyright info
==00:00:00:00.000 2392305== Command: ./minishell
==00:00:00:00.000 2392305== Parent PID: 2359968
==00:00:00:00.000 2392305== 
==00:00:02:44.405 2392305== 
==00:00:02:44.405 2392305== FILE DESCRIPTORS: 0 open (0 inherited) at exit.
==00:00:02:44.405 2392305== 
==00:00:02:44.405 2392305== HEAP SUMMARY:
==00:00:02:44.405 2392305==     in use at exit: 228,248 bytes in 234 blocks
==00:00:02:44.405 2392305==   total heap usage: 785 allocs, 551 frees, 253,719 bytes allocated
==00:00:02:44.405 2392305== 
==00:00:02:44.406 2392305== LEAK SUMMARY:
==00:00:02:44.406 2392305==    definitely lost: 0 bytes in 0 blocks
==00:00:02:44.406 2392305==    indirectly lost: 0 bytes in 0 blocks
==00:00:02:44.406 2392305==      possibly lost: 0 bytes in 0 blocks
==00:00:02:44.406 2392305==    still reachable: 0 bytes in 0 blocks
==00:00:02:44.406 2392305==         suppressed: 228,248 bytes in 234 blocks
==00:00:02:44.406 2392305== 
==00:00:02:44.406 2392305== For lists of detected and suppressed errors, rerun with: -s
==00:00:02:44.406 2392305== ERROR SUMMARY: 0 errors from 0 contexts (suppressed: 0 from 0)
