==00:00:00:30.281 2392384== Memcheck, a memory error detector
==00:00:00:30.281 2392384== Copyright (C) 2002-2024, and GNU GPL'd, by Julian Seward et al.
==00:00:00:30.281 2392384== Using Valgrind-3.26.0 and LibVEX; rerun with -h for copyright info
==00:00:00:30.281 2392384== Command: ./minishell
==00:00:00:30.281 2392384== Parent PID: 2392305
==00:00:00:30.281 2392384== 
==00:00:00:30.310 2392384== 
==00:00:00:30.310 2392384== FILE DESCRIPTORS: 3 open (2 inherited) at exit.
==00:00:00:30.310 2392384== Open file descriptor 1:
==00:00:00:30.310 2392384==    at 0x49AEC9B: dup2 (dup2.c:29)
==00:00:00:30.310 2392384==    by 0x403223: redirect (redirect.c:148)
==00:00:00:30.310 2392384==    by 0x40201C: child_setup (child.c:25)
==00:00:00:30.310 2392384==    by 0x402311: child_process (child.c:83)
==00:00:00:30.310 2392384==    by 0x4024AE: spawn_child (dispatch.c:39)
==00:00:00:30.310 2392384==    by 0x402610: dispatch (dispatch.c:91)
==00:00:00:30.310 2392384==    by 0x405C36: main (main.c:52)
==00:00:00:30.310 2392384== 
==00:00:00:30.310 2392384== 
==00:00:00:30.310 2392384== HEAP SUMMARY:
==00:00:00:30.310 2392384==     in use at exit: 228,273 bytes in 236 blocks
==00:00:00:30.310 2392384==   total heap usage: 893 allocs, 657 frees, 257,589 bytes allocated
==00:00:00:30.310 2392384== 
==00:00:00:30.311 2392384== LEAK SUMMARY:
==00:00:00:30.311 2392384==    definitely lost: 0 bytes in 0 blocks
==00:00:00:30.311 2392384==    indirectly lost: 0 bytes in 0 blocks
==00:00:00:30.311 2392384==      possibly lost: 0 bytes in 0 blocks
==00:00:00:30.311 2392384==    still reachable: 0 bytes in 0 blocks
==00:00:00:30.311 2392384==         suppressed: 228,273 bytes in 236 blocks
==00:00:00:30.311 2392384== 
==00:00:00:30.311 2392384== For lists of detected and suppressed errors, rerun with: -s
==00:00:00:30.311 2392384== ERROR SUMMARY: 1 errors from 1 contexts (suppressed: 0 from 0)
