==00:00:00:20.927 2392367== Memcheck, a memory error detector
==00:00:00:20.927 2392367== Copyright (C) 2002-2024, and GNU GPL'd, by Julian Seward et al.
==00:00:00:20.927 2392367== Using Valgrind-3.26.0 and LibVEX; rerun with -h for copyright info
==00:00:00:20.927 2392367== Command: ./minishell
==00:00:00:20.927 2392367== Parent PID: 2392305
==00:00:00:20.927 2392367== 
==00:00:00:20.954 2392367== 
==00:00:00:20.954 2392367== FILE DESCRIPTORS: 3 open (2 inherited) at exit.
==00:00:00:20.954 2392367== Open file descriptor 0:
==00:00:00:20.954 2392367==    at 0x49AEC9B: dup2 (dup2.c:29)
==00:00:00:20.954 2392367==    by 0x40325E: redirect (redirect.c:155)
==00:00:00:20.954 2392367==    by 0x40201C: child_setup (child.c:25)
==00:00:00:20.954 2392367==    by 0x402311: child_process (child.c:83)
==00:00:00:20.954 2392367==    by 0x4024AE: spawn_child (dispatch.c:39)
==00:00:00:20.954 2392367==    by 0x4026E1: dispatch (dispatch.c:103)
==00:00:00:20.954 2392367==    by 0x405C36: main (main.c:52)
==00:00:00:20.954 2392367== 
==00:00:00:20.954 2392367== 
==00:00:00:20.954 2392367== HEAP SUMMARY:
==00:00:00:20.954 2392367==     in use at exit: 228,248 bytes in 234 blocks
==00:00:00:20.954 2392367==   total heap usage: 837 allocs, 603 frees, 256,722 bytes allocated
==00:00:00:20.954 2392367== 
==00:00:00:20.955 2392367== LEAK SUMMARY:
==00:00:00:20.955 2392367==    definitely lost: 0 bytes in 0 blocks
==00:00:00:20.955 2392367==    indirectly lost: 0 bytes in 0 blocks
==00:00:00:20.955 2392367==      possibly lost: 0 bytes in 0 blocks
==00:00:00:20.955 2392367==    still reachable: 0 bytes in 0 blocks
==00:00:00:20.955 2392367==         suppressed: 228,248 bytes in 234 blocks
==00:00:00:20.955 2392367== 
==00:00:00:20.955 2392367== For lists of detected and suppressed errors, rerun with: -s
==00:00:00:20.955 2392367== ERROR SUMMARY: 1 errors from 1 contexts (suppressed: 0 from 0)
