==00:00:00:00.000 2393112== Memcheck, a memory error detector
==00:00:00:00.000 2393112== Copyright (C) 2002-2024, and GNU GPL'd, by Julian Seward et al.
==00:00:00:00.000 2393112== Using Valgrind-3.26.0 and LibVEX; rerun with -h for copyright info
==00:00:00:00.000 2393112== Command: ./minishell
==00:00:00:00.000 2393112== Parent PID: 2359968
==00:00:00:00.000 2393112== 
==00:00:00:15.719 2393112== 
==00:00:00:15.719 2393112== FILE DESCRIPTORS: 0 open (0 inherited) at exit.
==00:00:00:15.719 2393112== 
==00:00:00:15.719 2393112== HEAP SUMMARY:
==00:00:00:15.719 2393112==     in use at exit: 228,248 bytes in 234 blocks
==00:00:00:15.719 2393112==   total heap usage: 724 allocs, 490 frees, 252,968 bytes allocated
==00:00:00:15.719 2393112== 
==00:00:00:15.719 2393112== LEAK SUMMARY:
==00:00:00:15.719 2393112==    definitely lost: 0 bytes in 0 blocks
==00:00:00:15.719 2393112==    indirectly lost: 0 bytes in 0 blocks
==00:00:00:15.719 2393112==      possibly lost: 0 bytes in 0 blocks
==00:00:00:15.719 2393112==    still reachable: 0 bytes in 0 blocks
==00:00:00:15.719 2393112==         suppressed: 228,248 bytes in 234 blocks
==00:00:00:15.719 2393112== 
==00:00:00:15.719 2393112== For lists of detected and suppressed errors, rerun with: -s
==00:00:00:15.719 2393112== ERROR SUMMARY: 0 errors from 0 contexts (suppressed: 0 from 0)
