==00:00:00:05.952 2393121== Memcheck, a memory error detector
==00:00:00:05.952 2393121== Copyright (C) 2002-2024, and GNU GPL'd, by Julian Seward et al.
==00:00:00:05.952 2393121== Using Valgrind-3.26.0 and LibVEX; rerun with -h for copyright info
==00:00:00:05.952 2393121== Command: ./minishell
==00:00:00:05.952 2393121== Parent PID: 2393112
==00:00:00:05.952 2393121== 
==00:00:00:05.980 2393121== 
==00:00:00:05.980 2393121== FILE DESCRIPTORS: 2 open (2 inherited) at exit.
==00:00:00:05.980 2393121== 
==00:00:00:05.980 2393121== HEAP SUMMARY:
==00:00:00:05.980 2393121==     in use at exit: 228,248 bytes in 234 blocks
==00:00:00:05.980 2393121==   total heap usage: 836 allocs, 602 frees, 256,879 bytes allocated
==00:00:00:05.980 2393121== 
==00:00:00:05.981 2393121== LEAK SUMMARY:
==00:00:00:05.981 2393121==    definitely lost: 0 bytes in 0 blocks
==00:00:00:05.981 2393121==    indirectly lost: 0 bytes in 0 blocks
==00:00:00:05.981 2393121==      possibly lost: 0 bytes in 0 blocks
==00:00:00:05.981 2393121==    still reachable: 0 bytes in 0 blocks
==00:00:00:05.981 2393121==         suppressed: 228,248 bytes in 234 blocks
==00:00:00:05.981 2393121== 
==00:00:00:05.981 2393121== For lists of detected and suppressed errors, rerun with: -s
==00:00:00:05.981 2393121== ERROR SUMMARY: 0 errors from 0 contexts (suppressed: 0 from 0)
