==00:00:00:05.954 2393122== Memcheck, a memory error detector
==00:00:00:05.954 2393122== Copyright (C) 2002-2024, and GNU GPL'd, by Julian Seward et al.
==00:00:00:05.954 2393122== Using Valgrind-3.26.0 and LibVEX; rerun with -h for copyright info
==00:00:00:05.954 2393122== Command: ./minishell
==00:00:00:05.954 2393122== Parent PID: 2393112
==00:00:00:05.954 2393122== 
==00:00:00:05.985 2393122== 
==00:00:00:05.985 2393122== FILE DESCRIPTORS: 1 open (1 inherited) at exit.
==00:00:00:05.985 2393122== 
==00:00:00:05.985 2393122== HEAP SUMMARY:
==00:00:00:05.985 2393122==     in use at exit: 228,248 bytes in 234 blocks
==00:00:00:05.985 2393122==   total heap usage: 844 allocs, 610 frees, 256,889 bytes allocated
==00:00:00:05.985 2393122== 
==00:00:00:05.985 2393122== LEAK SUMMARY:
==00:00:00:05.985 2393122==    definitely lost: 0 bytes in 0 blocks
==00:00:00:05.985 2393122==    indirectly lost: 0 bytes in 0 blocks
==00:00:00:05.985 2393122==      possibly lost: 0 bytes in 0 blocks
==00:00:00:05.985 2393122==    still reachable: 0 bytes in 0 blocks
==00:00:00:05.985 2393122==         suppressed: 228,248 bytes in 234 blocks
==00:00:00:05.985 2393122== 
==00:00:00:05.985 2393122== For lists of detected and suppressed errors, rerun with: -s
==00:00:00:05.985 2393122== ERROR SUMMARY: 0 errors from 0 contexts (suppressed: 0 from 0)
